app/build/intermediates/manifest_merge_blame_file/debug/manifest-merger-blame-debug-report.txt
1<?xml version="1.0" encoding="utf-8"?>
2<manifest xmlns:android="http://schemas.android.com/apk/res/android"
3    package="com.example.disasterapp"
4    android:versionCode="1"
5    android:versionName="1.0" >
6
7    <uses-sdk
8        android:minSdkVersion="24"
9        android:targetSdkVersion="34" />
10
11    <!-- WiFi Direct Permissions -->
12    <uses-permission android:name="android.permission.ACCESS_WIFI_STATE" />
12-->src\main\AndroidManifest.xml:6:5-76
12-->src\main\AndroidManifest.xml:6:22-73
13    <uses-permission android:name="android.permission.CHANGE_WIFI_STATE" />
13-->src\main\AndroidManifest.xml:7:5-76
13-->src\main\AndroidManifest.xml:7:22-73
14    <uses-permission android:name="android.permission.INTERNET" />
14-->src\main\AndroidManifest.xml:8:5-67
14-->src\main\AndroidManifest.xml:8:22-64
15
16    <!-- Location Permissions (Required for WiFi Direct Local network discovery and GPS SOS) -->
17    <uses-permission android:name="android.permission.ACCESS_FINE_LOCATION" />
17-->src\main\AndroidManifest.xml:11:5-79
17-->src\main\AndroidManifest.xml:11:22-76
18    <uses-permission android:name="android.permission.ACCESS_COARSE_LOCATION" />
18-->src\main\AndroidManifest.xml:12:5-81
18-->src\main\AndroidManifest.xml:12:22-78
19    <uses-permission
19-->src\main\AndroidManifest.xml:13:5-125
20        android:name="android.permission.NEARBY_WIFI_DEVICES"
20-->src\main\AndroidManifest.xml:13:22-75
21        android:usesPermissionFlags="neverForLocation" />
21-->src\main\AndroidManifest.xml:13:76-122
22
23    <!-- Bluetooth Permissions -->
24    <uses-permission android:name="android.permission.BLUETOOTH" />
24-->src\main\AndroidManifest.xml:16:5-68
24-->src\main\AndroidManifest.xml:16:22-65
25    <uses-permission android:name="android.permission.BLUETOOTH_ADMIN" />
25-->src\main\AndroidManifest.xml:17:5-74
25-->src\main\AndroidManifest.xml:17:22-71
26    <uses-permission android:name="android.permission.BLUETOOTH_CONNECT" />
26-->src\main\AndroidManifest.xml:18:5-76
26-->src\main\AndroidManifest.xml:18:22-73
27    <uses-permission android:name="android.permission.BLUETOOTH_SCAN" />
27-->src\main\AndroidManifest.xml:19:5-73
27-->src\main\AndroidManifest.xml:19:22-70
28
29    <permission
29-->[androidx.core:core:1.12.0] AndroidManifest.xml:22:5-24:47
30        android:name="com.example.disasterapp.DYNAMIC_RECEIVER_NOT_EXPORTED_PERMISSION"
30-->[androidx.core:core:1.12.0] AndroidManifest.xml:23:9-81
31        android:protectionLevel="signature" />
31-->[androidx.core:core:1.12.0] AndroidManifest.xml:24:9-44
32
33    <uses-permission android:name="com.example.disasterapp.DYNAMIC_RECEIVER_NOT_EXPORTED_PERMISSION" />
33-->[androidx.core:core:1.12.0] AndroidManifest.xml:26:5-97
33-->[androidx.core:core:1.12.0] AndroidManifest.xml:26:22-94
34
35    <application
35-->src\main\AndroidManifest.xml:21:5-36:19
36        android:allowBackup="true"
36-->src\main\AndroidManifest.xml:22:9-35
37        android:appComponentFactory="androidx.core.app.CoreComponentFactory"
37-->[androidx.core:core:1.12.0] AndroidManifest.xml:28:18-86
38        android:debuggable="true"
39        android:extractNativeLibs="false"
40        android:icon="@drawable/ic_launcher"
40-->src\main\AndroidManifest.xml:23:9-45
41        android:label="@string/app_name"
41-->src\main\AndroidManifest.xml:24:9-41
42        android:roundIcon="@drawable/ic_launcher"
42-->src\main\AndroidManifest.xml:25:9-50
43        android:supportsRtl="true"
43-->src\main\AndroidManifest.xml:26:9-35
44        android:theme="@style/Theme.DisasterResponseApp" >
44-->src\main\AndroidManifest.xml:27:9-57
45        <activity
45-->src\main\AndroidManifest.xml:28:9-35:20
46            android:name="com.example.disasterapp.MainActivity"
46-->src\main\AndroidManifest.xml:29:13-41
47            android:exported="true" >
47-->src\main\AndroidManifest.xml:30:13-36
48            <intent-filter>
48-->src\main\AndroidManifest.xml:31:13-34:29
49                <action android:name="android.intent.action.MAIN" />
49-->src\main\AndroidManifest.xml:32:17-69
49-->src\main\AndroidManifest.xml:32:25-66
50
51                <category android:name="android.intent.category.LAUNCHER" />
51-->src\main\AndroidManifest.xml:33:17-77
51-->src\main\AndroidManifest.xml:33:27-74
52            </intent-filter>
53        </activity>
54
55        <provider
55-->[androidx.emoji2:emoji2:1.2.0] AndroidManifest.xml:24:9-32:20
56            android:name="androidx.startup.InitializationProvider"
56-->[androidx.emoji2:emoji2:1.2.0] AndroidManifest.xml:25:13-67
57            android:authorities="com.example.disasterapp.androidx-startup"
57-->[androidx.emoji2:emoji2:1.2.0] AndroidManifest.xml:26:13-68
58            android:exported="false" >
58-->[androidx.emoji2:emoji2:1.2.0] AndroidManifest.xml:27:13-37
59            <meta-data
59-->[androidx.emoji2:emoji2:1.2.0] AndroidManifest.xml:29:13-31:52
60                android:name="androidx.emoji2.text.EmojiCompatInitializer"
60-->[androidx.emoji2:emoji2:1.2.0] AndroidManifest.xml:30:17-75
61                android:value="androidx.startup" />
61-->[androidx.emoji2:emoji2:1.2.0] AndroidManifest.xml:31:17-49
62            <meta-data
62-->[androidx.lifecycle:lifecycle-process:2.6.1] AndroidManifest.xml:29:13-31:52
63                android:name="androidx.lifecycle.ProcessLifecycleInitializer"
63-->[androidx.lifecycle:lifecycle-process:2.6.1] AndroidManifest.xml:30:17-78
64                android:value="androidx.startup" />
64-->[androidx.lifecycle:lifecycle-process:2.6.1] AndroidManifest.xml:31:17-49
65            <meta-data
65-->[androidx.profileinstaller:profileinstaller:1.3.0] AndroidManifest.xml:29:13-31:52
66                android:name="androidx.profileinstaller.ProfileInstallerInitializer"
66-->[androidx.profileinstaller:profileinstaller:1.3.0] AndroidManifest.xml:30:17-85
67                android:value="androidx.startup" />
67-->[androidx.profileinstaller:profileinstaller:1.3.0] AndroidManifest.xml:31:17-49
68        </provider>
69
70        <receiver
70-->[androidx.profileinstaller:profileinstaller:1.3.0] AndroidManifest.xml:34:9-52:20
71            android:name="androidx.profileinstaller.ProfileInstallReceiver"
71-->[androidx.profileinstaller:profileinstaller:1.3.0] AndroidManifest.xml:35:13-76
72            android:directBootAware="false"
72-->[androidx.profileinstaller:profileinstaller:1.3.0] AndroidManifest.xml:36:13-44
73            android:enabled="true"
73-->[androidx.profileinstaller:profileinstaller:1.3.0] AndroidManifest.xml:37:13-35
74            android:exported="true"
74-->[androidx.profileinstaller:profileinstaller:1.3.0] AndroidManifest.xml:38:13-36
75            android:permission="android.permission.DUMP" >
75-->[androidx.profileinstaller:profileinstaller:1.3.0] AndroidManifest.xml:39:13-57
76            <intent-filter>
76-->[androidx.profileinstaller:profileinstaller:1.3.0] AndroidManifest.xml:40:13-42:29
77                <action android:name="androidx.profileinstaller.action.INSTALL_PROFILE" />
77-->[androidx.profileinstaller:profileinstaller:1.3.0] AndroidManifest.xml:41:17-91
77-->[androidx.profileinstaller:profileinstaller:1.3.0] AndroidManifest.xml:41:25-88
78            </intent-filter>
79            <intent-filter>
79-->[androidx.profileinstaller:profileinstaller:1.3.0] AndroidManifest.xml:43:13-45:29
80                <action android:name="androidx.profileinstaller.action.SKIP_FILE" />
80-->[androidx.profileinstaller:profileinstaller:1.3.0] AndroidManifest.xml:44:17-85
80-->[androidx.profileinstaller:profileinstaller:1.3.0] AndroidManifest.xml:44:25-82
81            </intent-filter>
82            <intent-filter>
82-->[androidx.profileinstaller:profileinstaller:1.3.0] AndroidManifest.xml:46:13-48:29
83                <action android:name="androidx.profileinstaller.action.SAVE_PROFILE" />
83-->[androidx.profileinstaller:profileinstaller:1.3.0] AndroidManifest.xml:47:17-88
83-->[androidx.profileinstaller:profileinstaller:1.3.0] AndroidManifest.xml:47:25-85
84            </intent-filter>
85            <intent-filter>
85-->[androidx.profileinstaller:profileinstaller:1.3.0] AndroidManifest.xml:49:13-51:29
86                <action android:name="androidx.profileinstaller.action.BENCHMARK_OPERATION" />
86-->[androidx.profileinstaller:profileinstaller:1.3.0] AndroidManifest.xml:50:17-95
86-->[androidx.profileinstaller:profileinstaller:1.3.0] AndroidManifest.xml:50:25-92
87            </intent-filter>
88        </receiver>
89    </application>
90
91</manifest>